mode: set
github.com/gabrielseibel1/fungo/apply/map.go:3.48,5.19 2 1
github.com/gabrielseibel1/fungo/apply/map.go:5.19,7.3 1 1
github.com/gabrielseibel1/fungo/apply/map.go:8.2,8.10 1 1
github.com/gabrielseibel1/fungo/apply/map.go:11.62,13.37 2 1
github.com/gabrielseibel1/fungo/apply/map.go:13.37,14.21 1 1
github.com/gabrielseibel1/fungo/apply/map.go:14.21,16.4 1 1
github.com/gabrielseibel1/fungo/apply/map.go:17.3,17.13 1 1
github.com/gabrielseibel1/fungo/apply/map.go:19.2,19.10 1 1
github.com/gabrielseibel1/fungo/apply/map.go:22.80,24.22 2 1
github.com/gabrielseibel1/fungo/apply/map.go:24.22,26.3 1 1
github.com/gabrielseibel1/fungo/apply/map.go:27.2,27.10 1 1
github.com/gabrielseibel1/fungo/apply/map.go:30.75,32.22 2 1
github.com/gabrielseibel1/fungo/apply/map.go:32.22,34.3 1 1
github.com/gabrielseibel1/fungo/apply/map.go:35.2,35.10 1 1
github.com/gabrielseibel1/fungo/filter/filter.go:3.46,5.22 2 1
github.com/gabrielseibel1/fungo/filter/filter.go:5.22,6.11 1 1
github.com/gabrielseibel1/fungo/filter/filter.go:6.11,8.4 1 1
github.com/gabrielseibel1/fungo/filter/filter.go:10.2,10.10 1 1
github.com/gabrielseibel1/fungo/filter/filter.go:13.56,15.37 2 1
github.com/gabrielseibel1/fungo/filter/filter.go:15.37,16.21 1 1
github.com/gabrielseibel1/fungo/filter/filter.go:16.21,17.12 1 1
github.com/gabrielseibel1/fungo/filter/filter.go:17.12,19.5 1 1
github.com/gabrielseibel1/fungo/filter/filter.go:21.3,21.13 1 1
github.com/gabrielseibel1/fungo/filter/filter.go:23.2,23.10 1 1
github.com/gabrielseibel1/fungo/filter/filter.go:26.72,28.22 2 1
github.com/gabrielseibel1/fungo/filter/filter.go:28.22,29.11 1 1
github.com/gabrielseibel1/fungo/filter/filter.go:29.11,31.4 1 1
github.com/gabrielseibel1/fungo/filter/filter.go:33.2,33.10 1 1
github.com/gabrielseibel1/fungo/filter/filter.go:36.74,38.22 2 1
github.com/gabrielseibel1/fungo/filter/filter.go:38.22,39.11 1 1
github.com/gabrielseibel1/fungo/filter/filter.go:39.11,41.4 1 1
github.com/gabrielseibel1/fungo/filter/filter.go:43.2,43.10 1 1
github.com/gabrielseibel1/fungo/check/check.go:3.46,5.2 1 1
github.com/gabrielseibel1/fungo/check/check.go:7.46,9.2 1 1
github.com/gabrielseibel1/fungo/check/check.go:11.67,13.2 1 1
github.com/gabrielseibel1/fungo/check/check.go:15.65,17.2 1 1
github.com/gabrielseibel1/fungo/check/check.go:19.69,21.2 1 1
github.com/gabrielseibel1/fungo/check/check.go:23.67,25.2 1 1
github.com/gabrielseibel1/fungo/check/check.go:27.60,28.42 1 1
github.com/gabrielseibel1/fungo/check/check.go:28.42,29.23 1 1
github.com/gabrielseibel1/fungo/check/check.go:29.23,30.12 1 1
github.com/gabrielseibel1/fungo/check/check.go:30.12,32.5 1 1
github.com/gabrielseibel1/fungo/check/check.go:34.3,34.12 1 1
github.com/gabrielseibel1/fungo/check/check.go:37.81,38.46 1 1
github.com/gabrielseibel1/fungo/check/check.go:38.46,39.23 1 1
github.com/gabrielseibel1/fungo/check/check.go:39.23,40.12 1 1
github.com/gabrielseibel1/fungo/check/check.go:40.12,42.5 1 1
github.com/gabrielseibel1/fungo/check/check.go:44.3,44.12 1 1
github.com/gabrielseibel1/fungo/check/check.go:48.81,49.46 1 1
github.com/gabrielseibel1/fungo/check/check.go:49.46,50.20 1 1
github.com/gabrielseibel1/fungo/check/check.go:50.20,51.12 1 1
github.com/gabrielseibel1/fungo/check/check.go:51.12,53.5 1 1
github.com/gabrielseibel1/fungo/check/check.go:55.3,55.12 1 1
github.com/gabrielseibel1/fungo/conv/conv.go:3.52,5.22 2 1
github.com/gabrielseibel1/fungo/conv/conv.go:5.22,7.3 1 1
github.com/gabrielseibel1/fungo/conv/conv.go:8.2,8.10 1 1
github.com/gabrielseibel1/fungo/conv/conv.go:11.70,13.22 2 1
github.com/gabrielseibel1/fungo/conv/conv.go:13.22,15.3 1 1
github.com/gabrielseibel1/fungo/conv/conv.go:16.2,16.10 1 1
github.com/gabrielseibel1/fungo/conv/conv.go:19.72,21.22 2 1
github.com/gabrielseibel1/fungo/conv/conv.go:21.22,23.3 1 1
github.com/gabrielseibel1/fungo/conv/conv.go:24.2,24.10 1 1
github.com/gabrielseibel1/fungo/conv/conv.go:32.57,34.19 2 1
github.com/gabrielseibel1/fungo/conv/conv.go:34.19,36.3 1 1
github.com/gabrielseibel1/fungo/conv/conv.go:37.2,37.10 1 1
github.com/gabrielseibel1/fungo/conv/conv.go:40.59,42.22 2 1
github.com/gabrielseibel1/fungo/conv/conv.go:42.22,44.3 1 1
github.com/gabrielseibel1/fungo/conv/conv.go:45.2,45.10 1 1
github.com/gabrielseibel1/fungo/conv/conv.go:48.62,50.22 2 1
github.com/gabrielseibel1/fungo/conv/conv.go:50.22,52.3 1 1
github.com/gabrielseibel1/fungo/conv/conv.go:53.2,53.10 1 1
github.com/gabrielseibel1/fungo/fold/fold.go:3.56,5.22 2 1
github.com/gabrielseibel1/fungo/fold/fold.go:5.22,7.3 1 1
github.com/gabrielseibel1/fungo/fold/fold.go:8.2,8.10 1 1
github.com/gabrielseibel1/fungo/util/util.go:40.29,40.44 1 1
github.com/gabrielseibel1/fungo/util/util.go:42.28,42.44 1 1
github.com/gabrielseibel1/fungo/util/util.go:44.34,45.24 1 1
github.com/gabrielseibel1/fungo/util/util.go:45.24,47.3 1 1
github.com/gabrielseibel1/fungo/util/util.go:50.34,51.20 1 1
github.com/gabrielseibel1/fungo/util/util.go:51.20,53.3 1 1
github.com/gabrielseibel1/fungo/util/util.go:53.8,53.27 1 1
github.com/gabrielseibel1/fungo/util/util.go:53.27,55.3 1 1
github.com/gabrielseibel1/fungo/util/util.go:55.8,57.3 1 1
github.com/gabrielseibel1/fungo/util/util.go:60.30,63.2 2 1
github.com/gabrielseibel1/fungo/zip/zip.go:5.59,6.22 1 1
github.com/gabrielseibel1/fungo/zip/zip.go:6.22,8.20 2 1
github.com/gabrielseibel1/fungo/zip/zip.go:8.20,10.4 1 1
github.com/gabrielseibel1/fungo/zip/zip.go:11.3,11.11 1 1
github.com/gabrielseibel1/fungo/zip/zip.go:12.8,14.20 2 1
github.com/gabrielseibel1/fungo/zip/zip.go:14.20,16.4 1 1
github.com/gabrielseibel1/fungo/zip/zip.go:17.3,17.11 1 1
